<?xml version="1.0" encoding="UTF-8"?>
<!-- Generated by org.testng.reporters.JUnitReportReporter -->
<testsuite skipped="0" hostname="NDR1-LD71645R0A" name="runner.Runner" tests="4" failures="0" timestamp="20 Aug 2020 08:58:59 GMT" time="335.793" errors="0">
  <testcase name="EmployeeTest" time="32.305" classname="runner.Runner"/>
  <testcase name="EmployeeTest" time="82.650" classname="runner.Runner"/>
  <testcase name="EmployeeTest" time="60.310" classname="runner.Runner"/>
  <testcase name="EmployeeTest" time="160.528" classname="runner.Runner"/>
</testsuite> <!-- runner.Runner -->
